E:\STUDIA\HIGH FLYERS\QUADRO_IMAV_2013\TRUNK\SRC\IMAVHFGCS\ALGORITHMS\RELEASE\.NETFRAMEWORK,VERSION=V4.0.ASSEMBLYATTRIBUTES.OBJ
E:\STUDIA\HIGH FLYERS\QUADRO_IMAV_2013\TRUNK\SRC\IMAVHFGCS\ALGORITHMS\RELEASE\ALGORITHMS.DLL.INTERMEDIATE.MANIFEST
E:\STUDIA\HIGH FLYERS\QUADRO_IMAV_2013\TRUNK\SRC\IMAVHFGCS\ALGORITHMS\RELEASE\ALGORITHMS.PCH
E:\Studia\High Flyers\QUADRO_IMAV_2013\trunk\src\ImavHFGcs\Algorithms\Release\Algorithms.write.1.tlog
E:\STUDIA\HIGH FLYERS\QUADRO_IMAV_2013\TRUNK\SRC\IMAVHFGCS\ALGORITHMS\RELEASE\APP.RES
E:\STUDIA\HIGH FLYERS\QUADRO_IMAV_2013\TRUNK\SRC\IMAVHFGCS\ALGORITHMS\RELEASE\ASSEMBLYINFO.OBJ
E:\Studia\High Flyers\QUADRO_IMAV_2013\trunk\src\ImavHFGcs\Algorithms\Release\cl.command.1.tlog
E:\Studia\High Flyers\QUADRO_IMAV_2013\trunk\src\ImavHFGcs\Algorithms\Release\CL.read.1.tlog
E:\Studia\High Flyers\QUADRO_IMAV_2013\trunk\src\ImavHFGcs\Algorithms\Release\CL.write.1.tlog
E:\STUDIA\HIGH FLYERS\QUADRO_IMAV_2013\TRUNK\SRC\IMAVHFGCS\ALGORITHMS\RELEASE\DUMMYMISSION.OBJ
E:\Studia\High Flyers\QUADRO_IMAV_2013\trunk\src\ImavHFGcs\Algorithms\Release\link.command.1.tlog
E:\Studia\High Flyers\QUADRO_IMAV_2013\trunk\src\ImavHFGcs\Algorithms\Release\link.read.1.tlog
E:\Studia\High Flyers\QUADRO_IMAV_2013\trunk\src\ImavHFGcs\Algorithms\Release\link.write.1.tlog
E:\Studia\High Flyers\QUADRO_IMAV_2013\trunk\src\ImavHFGcs\Algorithms\Release\link-cvtres.read.1.tlog
E:\Studia\High Flyers\QUADRO_IMAV_2013\trunk\src\ImavHFGcs\Algorithms\Release\link-cvtres.write.1.tlog
E:\Studia\High Flyers\QUADRO_IMAV_2013\trunk\src\ImavHFGcs\Algorithms\Release\mt.command.1.tlog
E:\Studia\High Flyers\QUADRO_IMAV_2013\trunk\src\ImavHFGcs\Algorithms\Release\mt.read.1.tlog
E:\Studia\High Flyers\QUADRO_IMAV_2013\trunk\src\ImavHFGcs\Algorithms\Release\mt.write.1.tlog
E:\STUDIA\HIGH FLYERS\QUADRO_IMAV_2013\TRUNK\SRC\IMAVHFGCS\ALGORITHMS\RELEASE\QRCODE.OBJ
E:\Studia\High Flyers\QUADRO_IMAV_2013\trunk\src\ImavHFGcs\Algorithms\Release\rc.command.1.tlog
E:\Studia\High Flyers\QUADRO_IMAV_2013\trunk\src\ImavHFGcs\Algorithms\Release\rc.read.1.tlog
E:\Studia\High Flyers\QUADRO_IMAV_2013\trunk\src\ImavHFGcs\Algorithms\Release\rc.write.1.tlog
E:\STUDIA\HIGH FLYERS\QUADRO_IMAV_2013\TRUNK\SRC\IMAVHFGCS\ALGORITHMS\RELEASE\STDAFX.OBJ
E:\STUDIA\HIGH FLYERS\QUADRO_IMAV_2013\TRUNK\SRC\IMAVHFGCS\ALGORITHMS\RELEASE\VC100.PDB
E:\STUDIA\HIGH FLYERS\QUADRO_IMAV_2013\TRUNK\SRC\IMAVHFGCS\RELEASE\ALGORITHMS.DLL
E:\STUDIA\HIGH FLYERS\QUADRO_IMAV_2013\TRUNK\SRC\IMAVHFGCS\RELEASE\ALGORITHMS.PDB
