E:\STUDIA\HIGH FLYERS\QUADRO_IMAV_2013\TRUNK\SRC\IMAVHFGCS\ALGORITHMS\DEBUG\.NETFRAMEWORK,VERSION=V4.0.ASSEMBLYATTRIBUTES.OBJ
E:\STUDIA\HIGH FLYERS\QUADRO_IMAV_2013\TRUNK\SRC\IMAVHFGCS\ALGORITHMS\DEBUG\ALGORITHMS.DLL.INTERMEDIATE.MANIFEST
E:\STUDIA\HIGH FLYERS\QUADRO_IMAV_2013\TRUNK\SRC\IMAVHFGCS\ALGORITHMS\DEBUG\ALGORITHMS.PCH
E:\Studia\High Flyers\QUADRO_IMAV_2013\trunk\src\ImavHFGcs\Algorithms\Debug\Algorithms.write.1.tlog
E:\STUDIA\HIGH FLYERS\QUADRO_IMAV_2013\TRUNK\SRC\IMAVHFGCS\ALGORITHMS\DEBUG\APP.RES
E:\STUDIA\HIGH FLYERS\QUADRO_IMAV_2013\TRUNK\SRC\IMAVHFGCS\ALGORITHMS\DEBUG\ASSEMBLYINFO.OBJ
E:\Studia\High Flyers\QUADRO_IMAV_2013\trunk\src\ImavHFGcs\Algorithms\Debug\cl.command.1.tlog
E:\Studia\High Flyers\QUADRO_IMAV_2013\trunk\src\ImavHFGcs\Algorithms\Debug\CL.read.1.tlog
E:\Studia\High Flyers\QUADRO_IMAV_2013\trunk\src\ImavHFGcs\Algorithms\Debug\CL.write.1.tlog
E:\Studia\High Flyers\QUADRO_IMAV_2013\trunk\src\ImavHFGcs\Algorithms\Debug\link.1372.read.1.tlog
E:\Studia\High Flyers\QUADRO_IMAV_2013\trunk\src\ImavHFGcs\Algorithms\Debug\link.1372.write.1.tlog
E:\Studia\High Flyers\QUADRO_IMAV_2013\trunk\src\ImavHFGcs\Algorithms\Debug\link.1372-cvtres.read.1.tlog
E:\Studia\High Flyers\QUADRO_IMAV_2013\trunk\src\ImavHFGcs\Algorithms\Debug\link.1372-cvtres.write.1.tlog
E:\Studia\High Flyers\QUADRO_IMAV_2013\trunk\src\ImavHFGcs\Algorithms\Debug\link.command.1.tlog
E:\Studia\High Flyers\QUADRO_IMAV_2013\trunk\src\ImavHFGcs\Algorithms\Debug\link.read.1.tlog
E:\Studia\High Flyers\QUADRO_IMAV_2013\trunk\src\ImavHFGcs\Algorithms\Debug\link.write.1.tlog
E:\Studia\High Flyers\QUADRO_IMAV_2013\trunk\src\ImavHFGcs\Algorithms\Debug\mt.command.1.tlog
E:\Studia\High Flyers\QUADRO_IMAV_2013\trunk\src\ImavHFGcs\Algorithms\Debug\mt.read.1.tlog
E:\Studia\High Flyers\QUADRO_IMAV_2013\trunk\src\ImavHFGcs\Algorithms\Debug\mt.write.1.tlog
E:\STUDIA\HIGH FLYERS\QUADRO_IMAV_2013\TRUNK\SRC\IMAVHFGCS\ALGORITHMS\DEBUG\QRCODE.OBJ
E:\Studia\High Flyers\QUADRO_IMAV_2013\trunk\src\ImavHFGcs\Algorithms\Debug\rc.command.1.tlog
E:\Studia\High Flyers\QUADRO_IMAV_2013\trunk\src\ImavHFGcs\Algorithms\Debug\rc.read.1.tlog
E:\Studia\High Flyers\QUADRO_IMAV_2013\trunk\src\ImavHFGcs\Algorithms\Debug\rc.write.1.tlog
E:\STUDIA\HIGH FLYERS\QUADRO_IMAV_2013\TRUNK\SRC\IMAVHFGCS\ALGORITHMS\DEBUG\STDAFX.OBJ
E:\STUDIA\HIGH FLYERS\QUADRO_IMAV_2013\TRUNK\SRC\IMAVHFGCS\ALGORITHMS\DEBUG\VC100.PDB
E:\STUDIA\HIGH FLYERS\QUADRO_IMAV_2013\TRUNK\SRC\IMAVHFGCS\DEBUG\ALGORITHMS.DLL
E:\STUDIA\HIGH FLYERS\QUADRO_IMAV_2013\TRUNK\SRC\IMAVHFGCS\DEBUG\ALGORITHMS.ILK
E:\STUDIA\HIGH FLYERS\QUADRO_IMAV_2013\TRUNK\SRC\IMAVHFGCS\DEBUG\ALGORITHMS.PDB
